
E:\ParseApps\parse-sample\ParseSample\node_modules\uws>if not defined npm_config_node_gyp (node "E:\Soft\nodejs\node_modules\npm\bin\node-gyp-bin\\..\..\node_modules\node-gyp\bin\node-gyp.js" rebuild )  else (node "" rebuild ) 
Building the projects in this solution one at a time. To enable parallel build, please add the "/m" switch.
  Extensions.cpp
  Group.cpp
  Networking.cpp
  Hub.cpp
  Node.cpp
  WebSocket.cpp
  HTTPSocket.cpp
  Socket.cpp
  addon.cpp
e:\parseapps\parse-sample\parsesample\node_modules\uws\src\Socket.h(26): warning C4275: non dll-interface struct 'uS::Poll' used as base for dll-interface struct 'uS::Socket' (..\src\Node.cpp) [E:\ParseApps\parse-sample\ParseSample\node_modules\uws\build\uws.vcxproj]
          e:\parseapps\parse-sample\parsesample\node_modules\uws\src\Libuv.h(94) : see declaration of 'uS::Poll'
          e:\parseapps\parse-sample\parsesample\node_modules\uws\src\Socket.h(26) : see declaration of 'uS::Socket'
e:\parseapps\parse-sample\parsesample\node_modules\uws\src\Socket.h(26): warning C4275: non dll-interface struct 'uS::Poll' used as base for dll-interface struct 'uS::Socket' (..\src\Group.cpp) [E:\ParseApps\parse-sample\ParseSample\node_modules\uws\build\uws.vcxproj]
          e:\parseapps\parse-sample\parsesample\node_modules\uws\src\Libuv.h(94) : see declaration of 'uS::Poll'
          e:\parseapps\parse-sample\parsesample\node_modules\uws\src\Socket.h(26) : see declaration of 'uS::Socket'
e:\parseapps\parse-sample\parsesample\node_modules\uws\src\Socket.h(31): error C2661: 'uS::Socket::<unnamed-type-state>::<unnamed-type-state>' : no overloaded function takes 2 arguments (..\src\Node.cpp) [E:\ParseApps\parse-sample\ParseSample\node_modules\uws\build\uws.vcxproj]
e:\parseapps\parse-sample\parsesample\node_modules\uws\src\Socket.h(31): error C2661: 'uS::Socket::<unnamed-type-state>::<unnamed-type-state>' : no overloaded function takes 2 arguments (..\src\Group.cpp) [E:\ParseApps\parse-sample\ParseSample\node_modules\uws\build\uws.vcxproj]
e:\parseapps\parse-sample\parsesample\node_modules\uws\src\Socket.h(314): warning C4244: 'argument' : conversion from 'ssize_t' to 'int', possible loss of data (..\src\Node.cpp) [E:\ParseApps\parse-sample\ParseSample\node_modules\uws\build\uws.vcxproj]
e:\parseapps\parse-sample\parsesample\node_modules\uws\src\Socket.h(314): warning C4244: 'argument' : conversion from 'ssize_t' to 'int', possible loss of data (..\src\Group.cpp) [E:\ParseApps\parse-sample\ParseSample\node_modules\uws\build\uws.vcxproj]
e:\parseapps\parse-sample\parsesample\node_modules\uws\src\Socket.h(26): warning C4275: non dll-interface struct 'uS::Poll' used as base for dll-interface struct 'uS::Socket' (..\src\WebSocket.cpp) [E:\ParseApps\parse-sample\ParseSample\node_modules\uws\build\uws.vcxproj]
          e:\parseapps\parse-sample\parsesample\node_modules\uws\src\Libuv.h(94) : see declaration of 'uS::Poll'
          e:\parseapps\parse-sample\parsesample\node_modules\uws\src\Socket.h(26) : see declaration of 'uS::Socket'
e:\parseapps\parse-sample\parsesample\node_modules\uws\src\Socket.h(31): error C2661: 'uS::Socket::<unnamed-type-state>::<unnamed-type-state>' : no overloaded function takes 2 arguments (..\src\WebSocket.cpp) [E:\ParseApps\parse-sample\ParseSample\node_modules\uws\build\uws.vcxproj]
e:\parseapps\parse-sample\parsesample\node_modules\uws\src\Socket.h(314): warning C4244: 'argument' : conversion from 'ssize_t' to 'int', possible loss of data (..\src\WebSocket.cpp) [E:\ParseApps\parse-sample\ParseSample\node_modules\uws\build\uws.vcxproj]
e:\parseapps\parse-sample\parsesample\node_modules\uws\src\Socket.h(26): warning C4275: non dll-interface struct 'uS::Poll' used as base for dll-interface struct 'uS::Socket' (..\src\HTTPSocket.cpp) [E:\ParseApps\parse-sample\ParseSample\node_modules\uws\build\uws.vcxproj]
          e:\parseapps\parse-sample\parsesample\node_modules\uws\src\Libuv.h(94) : see declaration of 'uS::Poll'
          e:\parseapps\parse-sample\parsesample\node_modules\uws\src\Socket.h(26) : see declaration of 'uS::Socket'
e:\parseapps\parse-sample\parsesample\node_modules\uws\src\Socket.h(31): error C2661: 'uS::Socket::<unnamed-type-state>::<unnamed-type-state>' : no overloaded function takes 2 arguments (..\src\HTTPSocket.cpp) [E:\ParseApps\parse-sample\ParseSample\node_modules\uws\build\uws.vcxproj]
  win_delay_load_hook.cc
e:\parseapps\parse-sample\parsesample\node_modules\uws\src\Socket.h(314): warning C4244: 'argument' : conversion from 'ssize_t' to 'int', possible loss of data (..\src\HTTPSocket.cpp) [E:\ParseApps\parse-sample\ParseSample\node_modules\uws\build\uws.vcxproj]
e:\parseapps\parse-sample\parsesample\node_modules\uws\src\Socket.h(26): warning C4275: non dll-interface struct 'uS::Poll' used as base for dll-interface struct 'uS::Socket' (..\src\Socket.cpp) [E:\ParseApps\parse-sample\ParseSample\node_modules\uws\build\uws.vcxproj]
          e:\parseapps\parse-sample\parsesample\node_modules\uws\src\Libuv.h(94) : see declaration of 'uS::Poll'
          e:\parseapps\parse-sample\parsesample\node_modules\uws\src\Socket.h(26) : see declaration of 'uS::Socket'
e:\parseapps\parse-sample\parsesample\node_modules\uws\src\Socket.h(31): error C2661: 'uS::Socket::<unnamed-type-state>::<unnamed-type-state>' : no overloaded function takes 2 arguments (..\src\Socket.cpp) [E:\ParseApps\parse-sample\ParseSample\node_modules\uws\build\uws.vcxproj]
e:\parseapps\parse-sample\parsesample\node_modules\uws\src\Socket.h(314): warning C4244: 'argument' : conversion from 'ssize_t' to 'int', possible loss of data (..\src\Socket.cpp) [E:\ParseApps\parse-sample\ParseSample\node_modules\uws\build\uws.vcxproj]
e:\parseapps\parse-sample\parsesample\node_modules\uws\src\Socket.h(26): warning C4275: non dll-interface struct 'uS::Poll' used as base for dll-interface struct 'uS::Socket' (..\src\Hub.cpp) [E:\ParseApps\parse-sample\ParseSample\node_modules\uws\build\uws.vcxproj]
          e:\parseapps\parse-sample\parsesample\node_modules\uws\src\Libuv.h(94) : see declaration of 'uS::Poll'
          e:\parseapps\parse-sample\parsesample\node_modules\uws\src\Socket.h(26) : see declaration of 'uS::Socket'
e:\parseapps\parse-sample\parsesample\node_modules\uws\src\Socket.h(31): error C2661: 'uS::Socket::<unnamed-type-state>::<unnamed-type-state>' : no overloaded function takes 2 arguments (..\src\Hub.cpp) [E:\ParseApps\parse-sample\ParseSample\node_modules\uws\build\uws.vcxproj]
e:\parseapps\parse-sample\parsesample\node_modules\uws\src\Socket.h(314): warning C4244: 'argument' : conversion from 'ssize_t' to 'int', possible loss of data (..\src\Hub.cpp) [E:\ParseApps\parse-sample\ParseSample\node_modules\uws\build\uws.vcxproj]
..\src\HTTPSocket.cpp(24): warning C4244: '=' : conversion from '__int64' to 'unsigned int', possible loss of data [E:\ParseApps\parse-sample\ParseSample\node_modules\uws\build\uws.vcxproj]
..\src\HTTPSocket.cpp(29): warning C4244: '=' : conversion from '__int64' to 'unsigned int', possible loss of data [E:\ParseApps\parse-sample\ParseSample\node_modules\uws\build\uws.vcxproj]
e:\parseapps\parse-sample\parsesample\node_modules\uws\src\Hub.h(21): fatal error C1903: unable to recover from previous error(s); stopping compilation (..\src\WebSocket.cpp) [E:\ParseApps\parse-sample\ParseSample\node_modules\uws\build\uws.vcxproj]
e:\parseapps\parse-sample\parsesample\node_modules\uws\src\Hub.h(21): fatal error C1903: unable to recover from previous error(s); stopping compilation (..\src\Group.cpp) [E:\ParseApps\parse-sample\ParseSample\node_modules\uws\build\uws.vcxproj]
e:\parseapps\parse-sample\parsesample\node_modules\uws\src\Hub.h(21): fatal error C1903: unable to recover from previous error(s); stopping compilation (..\src\Hub.cpp) [E:\ParseApps\parse-sample\ParseSample\node_modules\uws\build\uws.vcxproj]
e:\parseapps\parse-sample\parsesample\node_modules\uws\src\Socket.h(26): warning C4275: non dll-interface struct 'uS::Poll' used as base for dll-interface struct 'uS::Socket' (..\src\addon.cpp) [E:\ParseApps\parse-sample\ParseSample\node_modules\uws\build\uws.vcxproj]
          e:\parseapps\parse-sample\parsesample\node_modules\uws\src\Libuv.h(94) : see declaration of 'uS::Poll'
          e:\parseapps\parse-sample\parsesample\node_modules\uws\src\Socket.h(26) : see declaration of 'uS::Socket'
e:\parseapps\parse-sample\parsesample\node_modules\uws\src\Socket.h(31): error C2661: 'uS::Socket::<unnamed-type-state>::<unnamed-type-state>' : no overloaded function takes 2 arguments (..\src\addon.cpp) [E:\ParseApps\parse-sample\ParseSample\node_modules\uws\build\uws.vcxproj]
e:\parseapps\parse-sample\parsesample\node_modules\uws\src\Socket.h(314): warning C4244: 'argument' : conversion from 'ssize_t' to 'int', possible loss of data (..\src\addon.cpp) [E:\ParseApps\parse-sample\ParseSample\node_modules\uws\build\uws.vcxproj]
e:\parseapps\parse-sample\parsesample\node_modules\uws\src\Hub.h(21): fatal error C1903: unable to recover from previous error(s); stopping compilation (..\src\addon.cpp) [E:\ParseApps\parse-sample\ParseSample\node_modules\uws\build\uws.vcxproj]
gyp ERR! build error 
gyp ERR! stack Error: `C:\Program Files (x86)\MSBuild\12.0\bin\msbuild.exe` failed with exit code: 1
gyp ERR! stack     at ChildProcess.onExit (E:\Soft\nodejs\node_modules\npm\node_modules\node-gyp\lib\build.js:258:23)
gyp ERR! stack     at ChildProcess.emit (events.js:159:13)
gyp ERR! stack     at Process.ChildProcess._handle.onexit (internal/child_process.js:209:12)
gyp ERR! System Windows_NT 6.1.7601
gyp ERR! command "E:\\Soft\\nodejs\\node.exe" "E:\\Soft\\nodejs\\node_modules\\npm\\node_modules\\node-gyp\\bin\\node-gyp.js" "rebuild"
gyp ERR! cwd E:\ParseApps\parse-sample\ParseSample\node_modules\uws
gyp ERR! node -v v9.2.0
gyp ERR! node-gyp -v v3.6.2
gyp ERR! not ok 
